The system is: Linux - 4.6.2-1-ARCH - x86_64
Compiling the C compiler identification source file "CMakeCCompilerId.c" succeeded.
Compiler: /usr/bin/cc 
Build flags: 
Id flags: 

The output was:
0


Compilation of the C compiler identification source "CMakeCCompilerId.c" produced "a.out"

The C compiler identification is GNU, found in "/home/alex/FaceRecognizer/build/CMakeFiles/3.5.2/CompilerIdC/a.out"

Compiling the CXX compiler identification source file "CMakeCXXCompilerId.cpp" succeeded.
Compiler: /usr/bin/clang++ 
Build flags: 
Id flags: 

The output was:
0


Compilation of the CXX compiler identification source "CMakeCXXCompilerId.cpp" produced "a.out"

The CXX compiler identification is Clang, found in "/home/alex/FaceRecognizer/build/CMakeFiles/3.5.2/CompilerIdCXX/a.out"

Determining if the C compiler works passed with the following output:
Change Dir: /home/alex/FaceRecognizer/build/CMakeFiles/CMakeTmp

Run Build Command:"/usr/bin/make" "cmTC_d490f/fast"
/usr/bin/make -f CMakeFiles/cmTC_d490f.dir/build.make CMakeFiles/cmTC_d490f.dir/build
make[1]: Entering directory '/home/alex/FaceRecognizer/build/CMakeFiles/CMakeTmp'
Building C object CMakeFiles/cmTC_d490f.dir/testCCompiler.c.o
/usr/bin/cc     -o CMakeFiles/cmTC_d490f.dir/testCCompiler.c.o   -c /home/alex/FaceRecognizer/build/CMakeFiles/CMakeTmp/testCCompiler.c
Linking C executable cmTC_d490f
/usr/bin/cmake -E cmake_link_script CMakeFiles/cmTC_d490f.dir/link.txt --verbose=1
/usr/bin/cc       CMakeFiles/cmTC_d490f.dir/testCCompiler.c.o  -o cmTC_d490f -rdynamic 
make[1]: Leaving directory '/home/alex/FaceRecognizer/build/CMakeFiles/CMakeTmp'


Detecting C compiler ABI info compiled with the following output:
Change Dir: /home/alex/FaceRecognizer/build/CMakeFiles/CMakeTmp

Run Build Command:"/usr/bin/make" "cmTC_61ab1/fast"
/usr/bin/make -f CMakeFiles/cmTC_61ab1.dir/build.make CMakeFiles/cmTC_61ab1.dir/build
make[1]: Entering directory '/home/alex/FaceRecognizer/build/CMakeFiles/CMakeTmp'
Building C object CMakeFiles/cmTC_61ab1.dir/CMakeCCompilerABI.c.o
/usr/bin/cc     -o CMakeFiles/cmTC_61ab1.dir/CMakeCCompilerABI.c.o   -c /usr/share/cmake-3.5/Modules/CMakeCCompilerABI.c
Linking C executable cmTC_61ab1
/usr/bin/cmake -E cmake_link_script CMakeFiles/cmTC_61ab1.dir/link.txt --verbose=1
/usr/bin/cc      -v CMakeFiles/cmTC_61ab1.dir/CMakeCCompilerABI.c.o  -o cmTC_61ab1 -rdynamic  
Using built-in specs.
COLLECT_GCC=/usr/bin/cc
COLLECT_LTO_WRAPPER=/usr/lib/gcc/x86_64-pc-linux-gnu/6.1.1/lto-wrapper
Target: x86_64-pc-linux-gnu
Configured with: /build/gcc/src/gcc/configure --prefix=/usr --libdir=/usr/lib --libexecdir=/usr/lib --mandir=/usr/share/man --infodir=/usr/share/info --with-bugurl=https://bugs.archlinux.org/ --enable-languages=c,c++,ada,fortran,go,lto,objc,obj-c++ --enable-shared --enable-threads=posix --enable-libmpx --with-system-zlib --with-isl --enable-__cxa_atexit --disable-libunwind-exceptions --enable-clocale=gnu --disable-libstdcxx-pch --disable-libssp --enable-gnu-unique-object --enable-linker-build-id --enable-lto --enable-plugin --enable-install-libiberty --with-linker-hash-style=gnu --enable-gnu-indirect-function --disable-multilib --disable-werror --enable-checking=release
Thread model: posix
gcc version 6.1.1 20160602 (GCC) 
COMPILER_PATH=/usr/lib/gcc/x86_64-pc-linux-gnu/6.1.1/:/usr/lib/gcc/x86_64-pc-linux-gnu/6.1.1/:/usr/lib/gcc/x86_64-pc-linux-gnu/:/usr/lib/gcc/x86_64-pc-linux-gnu/6.1.1/:/usr/lib/gcc/x86_64-pc-linux-gnu/
LIBRARY_PATH=/usr/lib/gcc/x86_64-pc-linux-gnu/6.1.1/:/usr/lib/gcc/x86_64-pc-linux-gnu/6.1.1/../../../../lib/:/lib/../lib/:/usr/lib/../lib/:/usr/lib/gcc/x86_64-pc-linux-gnu/6.1.1/../../../:/lib/:/usr/lib/
COLLECT_GCC_OPTIONS='-v' '-o' 'cmTC_61ab1' '-rdynamic' '-mtune=generic' '-march=x86-64'
 /usr/lib/gcc/x86_64-pc-linux-gnu/6.1.1/collect2 -plugin /usr/lib/gcc/x86_64-pc-linux-gnu/6.1.1/liblto_plugin.so -plugin-opt=/usr/lib/gcc/x86_64-pc-linux-gnu/6.1.1/lto-wrapper -plugin-opt=-fresolution=/tmp/ccnuYDJl.res -plugin-opt=-pass-through=-lgcc -plugin-opt=-pass-through=-lgcc_s -plugin-opt=-pass-through=-lc -plugin-opt=-pass-through=-lgcc -plugin-opt=-pass-through=-lgcc_s --build-id --eh-frame-hdr --hash-style=gnu -m elf_x86_64 -export-dynamic -dynamic-linker /lib64/ld-linux-x86-64.so.2 -o cmTC_61ab1 /usr/lib/gcc/x86_64-pc-linux-gnu/6.1.1/../../../../lib/crt1.o /usr/lib/gcc/x86_64-pc-linux-gnu/6.1.1/../../../../lib/crti.o /usr/lib/gcc/x86_64-pc-linux-gnu/6.1.1/crtbegin.o -L/usr/lib/gcc/x86_64-pc-linux-gnu/6.1.1 -L/usr/lib/gcc/x86_64-pc-linux-gnu/6.1.1/../../../../lib -L/lib/../lib -L/usr/lib/../lib -L/usr/lib/gcc/x86_64-pc-linux-gnu/6.1.1/../../.. CMakeFiles/cmTC_61ab1.dir/CMakeCCompilerABI.c.o -lgcc --as-needed -lgcc_s --no-as-needed -lc -lgcc --as-needed -lgcc_s --no-as-needed /usr/lib/gcc/x86_64-pc-linux-gnu/6.1.1/crtend.o /usr/lib/gcc/x86_64-pc-linux-gnu/6.1.1/../../../../lib/crtn.o
COLLECT_GCC_OPTIONS='-v' '-o' 'cmTC_61ab1' '-rdynamic' '-mtune=generic' '-march=x86-64'
make[1]: Leaving directory '/home/alex/FaceRecognizer/build/CMakeFiles/CMakeTmp'


Parsed C implicit link information from above output:
  link line regex: [^( *|.*[/\])(ld|([^/\]+-)?ld|collect2)[^/\]*( |$)]
  ignore line: [Change Dir: /home/alex/FaceRecognizer/build/CMakeFiles/CMakeTmp]
  ignore line: []
  ignore line: [Run Build Command:"/usr/bin/make" "cmTC_61ab1/fast"]
  ignore line: [/usr/bin/make -f CMakeFiles/cmTC_61ab1.dir/build.make CMakeFiles/cmTC_61ab1.dir/build]
  ignore line: [make[1]: Entering directory '/home/alex/FaceRecognizer/build/CMakeFiles/CMakeTmp']
  ignore line: [Building C object CMakeFiles/cmTC_61ab1.dir/CMakeCCompilerABI.c.o]
  ignore line: [/usr/bin/cc     -o CMakeFiles/cmTC_61ab1.dir/CMakeCCompilerABI.c.o   -c /usr/share/cmake-3.5/Modules/CMakeCCompilerABI.c]
  ignore line: [Linking C executable cmTC_61ab1]
  ignore line: [/usr/bin/cmake -E cmake_link_script CMakeFiles/cmTC_61ab1.dir/link.txt --verbose=1]
  ignore line: [/usr/bin/cc      -v CMakeFiles/cmTC_61ab1.dir/CMakeCCompilerABI.c.o  -o cmTC_61ab1 -rdynamic  ]
  ignore line: [Using built-in specs.]
  ignore line: [COLLECT_GCC=/usr/bin/cc]
  ignore line: [COLLECT_LTO_WRAPPER=/usr/lib/gcc/x86_64-pc-linux-gnu/6.1.1/lto-wrapper]
  ignore line: [Target: x86_64-pc-linux-gnu]
  ignore line: [Configured with: /build/gcc/src/gcc/configure --prefix=/usr --libdir=/usr/lib --libexecdir=/usr/lib --mandir=/usr/share/man --infodir=/usr/share/info --with-bugurl=https://bugs.archlinux.org/ --enable-languages=c,c++,ada,fortran,go,lto,objc,obj-c++ --enable-shared --enable-threads=posix --enable-libmpx --with-system-zlib --with-isl --enable-__cxa_atexit --disable-libunwind-exceptions --enable-clocale=gnu --disable-libstdcxx-pch --disable-libssp --enable-gnu-unique-object --enable-linker-build-id --enable-lto --enable-plugin --enable-install-libiberty --with-linker-hash-style=gnu --enable-gnu-indirect-function --disable-multilib --disable-werror --enable-checking=release]
  ignore line: [Thread model: posix]
  ignore line: [gcc version 6.1.1 20160602 (GCC) ]
  ignore line: [COMPILER_PATH=/usr/lib/gcc/x86_64-pc-linux-gnu/6.1.1/:/usr/lib/gcc/x86_64-pc-linux-gnu/6.1.1/:/usr/lib/gcc/x86_64-pc-linux-gnu/:/usr/lib/gcc/x86_64-pc-linux-gnu/6.1.1/:/usr/lib/gcc/x86_64-pc-linux-gnu/]
  ignore line: [LIBRARY_PATH=/usr/lib/gcc/x86_64-pc-linux-gnu/6.1.1/:/usr/lib/gcc/x86_64-pc-linux-gnu/6.1.1/../../../../lib/:/lib/../lib/:/usr/lib/../lib/:/usr/lib/gcc/x86_64-pc-linux-gnu/6.1.1/../../../:/lib/:/usr/lib/]
  ignore line: [COLLECT_GCC_OPTIONS='-v' '-o' 'cmTC_61ab1' '-rdynamic' '-mtune=generic' '-march=x86-64']
  link line: [ /usr/lib/gcc/x86_64-pc-linux-gnu/6.1.1/collect2 -plugin /usr/lib/gcc/x86_64-pc-linux-gnu/6.1.1/liblto_plugin.so -plugin-opt=/usr/lib/gcc/x86_64-pc-linux-gnu/6.1.1/lto-wrapper -plugin-opt=-fresolution=/tmp/ccnuYDJl.res -plugin-opt=-pass-through=-lgcc -plugin-opt=-pass-through=-lgcc_s -plugin-opt=-pass-through=-lc -plugin-opt=-pass-through=-lgcc -plugin-opt=-pass-through=-lgcc_s --build-id --eh-frame-hdr --hash-style=gnu -m elf_x86_64 -export-dynamic -dynamic-linker /lib64/ld-linux-x86-64.so.2 -o cmTC_61ab1 /usr/lib/gcc/x86_64-pc-linux-gnu/6.1.1/../../../../lib/crt1.o /usr/lib/gcc/x86_64-pc-linux-gnu/6.1.1/../../../../lib/crti.o /usr/lib/gcc/x86_64-pc-linux-gnu/6.1.1/crtbegin.o -L/usr/lib/gcc/x86_64-pc-linux-gnu/6.1.1 -L/usr/lib/gcc/x86_64-pc-linux-gnu/6.1.1/../../../../lib -L/lib/../lib -L/usr/lib/../lib -L/usr/lib/gcc/x86_64-pc-linux-gnu/6.1.1/../../.. CMakeFiles/cmTC_61ab1.dir/CMakeCCompilerABI.c.o -lgcc --as-needed -lgcc_s --no-as-needed -lc -lgcc --as-needed -lgcc_s --no-as-needed /usr/lib/gcc/x86_64-pc-linux-gnu/6.1.1/crtend.o /usr/lib/gcc/x86_64-pc-linux-gnu/6.1.1/../../../../lib/crtn.o]
    arg [/usr/lib/gcc/x86_64-pc-linux-gnu/6.1.1/collect2] ==> ignore
    arg [-plugin] ==> ignore
    arg [/usr/lib/gcc/x86_64-pc-linux-gnu/6.1.1/liblto_plugin.so] ==> ignore
    arg [-plugin-opt=/usr/lib/gcc/x86_64-pc-linux-gnu/6.1.1/lto-wrapper] ==> ignore
    arg [-plugin-opt=-fresolution=/tmp/ccnuYDJl.res] ==> ignore
    arg [-plugin-opt=-pass-through=-lgcc] ==> ignore
    arg [-plugin-opt=-pass-through=-lgcc_s] ==> ignore
    arg [-plugin-opt=-pass-through=-lc] ==> ignore
    arg [-plugin-opt=-pass-through=-lgcc] ==> ignore
    arg [-plugin-opt=-pass-through=-lgcc_s] ==> ignore
    arg [--build-id] ==> ignore
    arg [--eh-frame-hdr] ==> ignore
    arg [--hash-style=gnu] ==> ignore
    arg [-m] ==> ignore
    arg [elf_x86_64] ==> ignore
    arg [-export-dynamic] ==> ignore
    arg [-dynamic-linker] ==> ignore
    arg [/lib64/ld-linux-x86-64.so.2] ==> ignore
    arg [-o] ==> ignore
    arg [cmTC_61ab1] ==> ignore
    arg [/usr/lib/gcc/x86_64-pc-linux-gnu/6.1.1/../../../../lib/crt1.o] ==> ignore
    arg [/usr/lib/gcc/x86_64-pc-linux-gnu/6.1.1/../../../../lib/crti.o] ==> ignore
    arg [/usr/lib/gcc/x86_64-pc-linux-gnu/6.1.1/crtbegin.o] ==> ignore
    arg [-L/usr/lib/gcc/x86_64-pc-linux-gnu/6.1.1] ==> dir [/usr/lib/gcc/x86_64-pc-linux-gnu/6.1.1]
    arg [-L/usr/lib/gcc/x86_64-pc-linux-gnu/6.1.1/../../../../lib] ==> dir [/usr/lib/gcc/x86_64-pc-linux-gnu/6.1.1/../../../../lib]
    arg [-L/lib/../lib] ==> dir [/lib/../lib]
    arg [-L/usr/lib/../lib] ==> dir [/usr/lib/../lib]
    arg [-L/usr/lib/gcc/x86_64-pc-linux-gnu/6.1.1/../../..] ==> dir [/usr/lib/gcc/x86_64-pc-linux-gnu/6.1.1/../../..]
    arg [CMakeFiles/cmTC_61ab1.dir/CMakeCCompilerABI.c.o] ==> ignore
    arg [-lgcc] ==> lib [gcc]
    arg [--as-needed] ==> ignore
    arg [-lgcc_s] ==> lib [gcc_s]
    arg [--no-as-needed] ==> ignore
    arg [-lc] ==> lib [c]
    arg [-lgcc] ==> lib [gcc]
    arg [--as-needed] ==> ignore
    arg [-lgcc_s] ==> lib [gcc_s]
    arg [--no-as-needed] ==> ignore
    arg [/usr/lib/gcc/x86_64-pc-linux-gnu/6.1.1/crtend.o] ==> ignore
    arg [/usr/lib/gcc/x86_64-pc-linux-gnu/6.1.1/../../../../lib/crtn.o] ==> ignore
  remove lib [gcc]
  remove lib [gcc_s]
  remove lib [gcc]
  remove lib [gcc_s]
  collapse library dir [/usr/lib/gcc/x86_64-pc-linux-gnu/6.1.1] ==> [/usr/lib/gcc/x86_64-pc-linux-gnu/6.1.1]
  collapse library dir [/usr/lib/gcc/x86_64-pc-linux-gnu/6.1.1/../../../../lib] ==> [/usr/lib]
  collapse library dir [/lib/../lib] ==> [/lib]
  collapse library dir [/usr/lib/../lib] ==> [/usr/lib]
  collapse library dir [/usr/lib/gcc/x86_64-pc-linux-gnu/6.1.1/../../..] ==> [/usr/lib]
  implicit libs: [c]
  implicit dirs: [/usr/lib/gcc/x86_64-pc-linux-gnu/6.1.1;/usr/lib;/lib]
  implicit fwks: []




Detecting C [-std=c11] compiler features compiled with the following output:
Change Dir: /home/alex/FaceRecognizer/build/CMakeFiles/CMakeTmp

Run Build Command:"/usr/bin/make" "cmTC_f04e5/fast"
/usr/bin/make -f CMakeFiles/cmTC_f04e5.dir/build.make CMakeFiles/cmTC_f04e5.dir/build
make[1]: Entering directory '/home/alex/FaceRecognizer/build/CMakeFiles/CMakeTmp'
Building C object CMakeFiles/cmTC_f04e5.dir/feature_tests.c.o
/usr/bin/cc    -std=c11 -o CMakeFiles/cmTC_f04e5.dir/feature_tests.c.o   -c /home/alex/FaceRecognizer/build/CMakeFiles/feature_tests.c
Linking C executable cmTC_f04e5
/usr/bin/cmake -E cmake_link_script CMakeFiles/cmTC_f04e5.dir/link.txt --verbose=1
/usr/bin/cc       CMakeFiles/cmTC_f04e5.dir/feature_tests.c.o  -o cmTC_f04e5 -rdynamic 
make[1]: Leaving directory '/home/alex/FaceRecognizer/build/CMakeFiles/CMakeTmp'


    Feature record: C_FEATURE:1c_function_prototypes
    Feature record: C_FEATURE:1c_restrict
    Feature record: C_FEATURE:1c_static_assert
    Feature record: C_FEATURE:1c_variadic_macros


Detecting C [-std=c99] compiler features compiled with the following output:
Change Dir: /home/alex/FaceRecognizer/build/CMakeFiles/CMakeTmp

Run Build Command:"/usr/bin/make" "cmTC_b1a82/fast"
/usr/bin/make -f CMakeFiles/cmTC_b1a82.dir/build.make CMakeFiles/cmTC_b1a82.dir/build
make[1]: Entering directory '/home/alex/FaceRecognizer/build/CMakeFiles/CMakeTmp'
Building C object CMakeFiles/cmTC_b1a82.dir/feature_tests.c.o
/usr/bin/cc    -std=c99 -o CMakeFiles/cmTC_b1a82.dir/feature_tests.c.o   -c /home/alex/FaceRecognizer/build/CMakeFiles/feature_tests.c
Linking C executable cmTC_b1a82
/usr/bin/cmake -E cmake_link_script CMakeFiles/cmTC_b1a82.dir/link.txt --verbose=1
/usr/bin/cc       CMakeFiles/cmTC_b1a82.dir/feature_tests.c.o  -o cmTC_b1a82 -rdynamic 
make[1]: Leaving directory '/home/alex/FaceRecognizer/build/CMakeFiles/CMakeTmp'


    Feature record: C_FEATURE:1c_function_prototypes
    Feature record: C_FEATURE:1c_restrict
    Feature record: C_FEATURE:0c_static_assert
    Feature record: C_FEATURE:1c_variadic_macros


Detecting C [-std=c90] compiler features compiled with the following output:
Change Dir: /home/alex/FaceRecognizer/build/CMakeFiles/CMakeTmp

Run Build Command:"/usr/bin/make" "cmTC_47f4e/fast"
/usr/bin/make -f CMakeFiles/cmTC_47f4e.dir/build.make CMakeFiles/cmTC_47f4e.dir/build
make[1]: Entering directory '/home/alex/FaceRecognizer/build/CMakeFiles/CMakeTmp'
Building C object CMakeFiles/cmTC_47f4e.dir/feature_tests.c.o
/usr/bin/cc    -std=c90 -o CMakeFiles/cmTC_47f4e.dir/feature_tests.c.o   -c /home/alex/FaceRecognizer/build/CMakeFiles/feature_tests.c
Linking C executable cmTC_47f4e
/usr/bin/cmake -E cmake_link_script CMakeFiles/cmTC_47f4e.dir/link.txt --verbose=1
/usr/bin/cc       CMakeFiles/cmTC_47f4e.dir/feature_tests.c.o  -o cmTC_47f4e -rdynamic 
make[1]: Leaving directory '/home/alex/FaceRecognizer/build/CMakeFiles/CMakeTmp'


    Feature record: C_FEATURE:1c_function_prototypes
    Feature record: C_FEATURE:0c_restrict
    Feature record: C_FEATURE:0c_static_assert
    Feature record: C_FEATURE:0c_variadic_macros
Determining if the CXX compiler works passed with the following output:
Change Dir: /home/alex/FaceRecognizer/build/CMakeFiles/CMakeTmp

Run Build Command:"/usr/bin/make" "cmTC_f4557/fast"
/usr/bin/make -f CMakeFiles/cmTC_f4557.dir/build.make CMakeFiles/cmTC_f4557.dir/build
make[1]: Entering directory '/home/alex/FaceRecognizer/build/CMakeFiles/CMakeTmp'
Building CXX object CMakeFiles/cmTC_f4557.dir/testCXXCompiler.cxx.o
/usr/bin/clang++      -o CMakeFiles/cmTC_f4557.dir/testCXXCompiler.cxx.o -c /home/alex/FaceRecognizer/build/CMakeFiles/CMakeTmp/testCXXCompiler.cxx
Linking CXX executable cmTC_f4557
/usr/bin/cmake -E cmake_link_script CMakeFiles/cmTC_f4557.dir/link.txt --verbose=1
/usr/bin/clang++        CMakeFiles/cmTC_f4557.dir/testCXXCompiler.cxx.o  -o cmTC_f4557 -rdynamic 
make[1]: Leaving directory '/home/alex/FaceRecognizer/build/CMakeFiles/CMakeTmp'


Detecting CXX compiler ABI info compiled with the following output:
Change Dir: /home/alex/FaceRecognizer/build/CMakeFiles/CMakeTmp

Run Build Command:"/usr/bin/make" "cmTC_fd530/fast"
/usr/bin/make -f CMakeFiles/cmTC_fd530.dir/build.make CMakeFiles/cmTC_fd530.dir/build
make[1]: Entering directory '/home/alex/FaceRecognizer/build/CMakeFiles/CMakeTmp'
Building CXX object CMakeFiles/cmTC_fd530.dir/CMakeCXXCompilerABI.cpp.o
/usr/bin/clang++      -o CMakeFiles/cmTC_fd530.dir/CMakeCXXCompilerABI.cpp.o -c /usr/share/cmake-3.5/Modules/CMakeCXXCompilerABI.cpp
Linking CXX executable cmTC_fd530
/usr/bin/cmake -E cmake_link_script CMakeFiles/cmTC_fd530.dir/link.txt --verbose=1
/usr/bin/clang++       -v CMakeFiles/cmTC_fd530.dir/CMakeCXXCompilerABI.cpp.o  -o cmTC_fd530 -rdynamic  
clang version 3.8.0 (tags/RELEASE_380/final)
Target: x86_64-unknown-linux-gnu
Thread model: posix
InstalledDir: /usr/bin
Found candidate GCC installation: /usr/bin/../lib/gcc/x86_64-pc-linux-gnu/6.1.1
Found candidate GCC installation: /usr/bin/../lib64/gcc/x86_64-pc-linux-gnu/6.1.1
Found candidate GCC installation: /usr/lib/gcc/x86_64-pc-linux-gnu/6.1.1
Found candidate GCC installation: /usr/lib64/gcc/x86_64-pc-linux-gnu/6.1.1
Selected GCC installation: /usr/bin/../lib64/gcc/x86_64-pc-linux-gnu/6.1.1
Candidate multilib: .;@m64
Selected multilib: .;@m64
 "/usr/bin/ld" -export-dynamic --eh-frame-hdr -m elf_x86_64 -dynamic-linker /lib64/ld-linux-x86-64.so.2 -o cmTC_fd530 /usr/bin/../lib64/gcc/x86_64-pc-linux-gnu/6.1.1/../../../../lib64/crt1.o /usr/bin/../lib64/gcc/x86_64-pc-linux-gnu/6.1.1/../../../../lib64/crti.o /usr/bin/../lib64/gcc/x86_64-pc-linux-gnu/6.1.1/crtbegin.o -L/usr/bin/../lib64/gcc/x86_64-pc-linux-gnu/6.1.1 -L/usr/bin/../lib64/gcc/x86_64-pc-linux-gnu/6.1.1/../../../../lib64 -L/usr/bin/../lib64 -L/lib/../lib64 -L/usr/lib/../lib64 -L/usr/bin/../lib64/gcc/x86_64-pc-linux-gnu/6.1.1/../../.. -L/usr/bin/../lib -L/lib -L/usr/lib CMakeFiles/cmTC_fd530.dir/CMakeCXXCompilerABI.cpp.o -lstdc++ -lm -lgcc_s -lgcc -lc -lgcc_s -lgcc /usr/bin/../lib64/gcc/x86_64-pc-linux-gnu/6.1.1/crtend.o /usr/bin/../lib64/gcc/x86_64-pc-linux-gnu/6.1.1/../../../../lib64/crtn.o
make[1]: Leaving directory '/home/alex/FaceRecognizer/build/CMakeFiles/CMakeTmp'


Parsed CXX implicit link information from above output:
  link line regex: [^( *|.*[/\])(ld|([^/\]+-)?ld|collect2)[^/\]*( |$)]
  ignore line: [Change Dir: /home/alex/FaceRecognizer/build/CMakeFiles/CMakeTmp]
  ignore line: []
  ignore line: [Run Build Command:"/usr/bin/make" "cmTC_fd530/fast"]
  ignore line: [/usr/bin/make -f CMakeFiles/cmTC_fd530.dir/build.make CMakeFiles/cmTC_fd530.dir/build]
  ignore line: [make[1]: Entering directory '/home/alex/FaceRecognizer/build/CMakeFiles/CMakeTmp']
  ignore line: [Building CXX object CMakeFiles/cmTC_fd530.dir/CMakeCXXCompilerABI.cpp.o]
  ignore line: [/usr/bin/clang++      -o CMakeFiles/cmTC_fd530.dir/CMakeCXXCompilerABI.cpp.o -c /usr/share/cmake-3.5/Modules/CMakeCXXCompilerABI.cpp]
  ignore line: [Linking CXX executable cmTC_fd530]
  ignore line: [/usr/bin/cmake -E cmake_link_script CMakeFiles/cmTC_fd530.dir/link.txt --verbose=1]
  ignore line: [/usr/bin/clang++       -v CMakeFiles/cmTC_fd530.dir/CMakeCXXCompilerABI.cpp.o  -o cmTC_fd530 -rdynamic  ]
  ignore line: [clang version 3.8.0 (tags/RELEASE_380/final)]
  ignore line: [Target: x86_64-unknown-linux-gnu]
  ignore line: [Thread model: posix]
  ignore line: [InstalledDir: /usr/bin]
  ignore line: [Found candidate GCC installation: /usr/bin/../lib/gcc/x86_64-pc-linux-gnu/6.1.1]
  ignore line: [Found candidate GCC installation: /usr/bin/../lib64/gcc/x86_64-pc-linux-gnu/6.1.1]
  ignore line: [Found candidate GCC installation: /usr/lib/gcc/x86_64-pc-linux-gnu/6.1.1]
  ignore line: [Found candidate GCC installation: /usr/lib64/gcc/x86_64-pc-linux-gnu/6.1.1]
  ignore line: [Selected GCC installation: /usr/bin/../lib64/gcc/x86_64-pc-linux-gnu/6.1.1]
  ignore line: [Candidate multilib: .]
  ignore line: [@m64]
  ignore line: [Selected multilib: .]
  ignore line: [@m64]
  link line: [ "/usr/bin/ld" -export-dynamic --eh-frame-hdr -m elf_x86_64 -dynamic-linker /lib64/ld-linux-x86-64.so.2 -o cmTC_fd530 /usr/bin/../lib64/gcc/x86_64-pc-linux-gnu/6.1.1/../../../../lib64/crt1.o /usr/bin/../lib64/gcc/x86_64-pc-linux-gnu/6.1.1/../../../../lib64/crti.o /usr/bin/../lib64/gcc/x86_64-pc-linux-gnu/6.1.1/crtbegin.o -L/usr/bin/../lib64/gcc/x86_64-pc-linux-gnu/6.1.1 -L/usr/bin/../lib64/gcc/x86_64-pc-linux-gnu/6.1.1/../../../../lib64 -L/usr/bin/../lib64 -L/lib/../lib64 -L/usr/lib/../lib64 -L/usr/bin/../lib64/gcc/x86_64-pc-linux-gnu/6.1.1/../../.. -L/usr/bin/../lib -L/lib -L/usr/lib CMakeFiles/cmTC_fd530.dir/CMakeCXXCompilerABI.cpp.o -lstdc++ -lm -lgcc_s -lgcc -lc -lgcc_s -lgcc /usr/bin/../lib64/gcc/x86_64-pc-linux-gnu/6.1.1/crtend.o /usr/bin/../lib64/gcc/x86_64-pc-linux-gnu/6.1.1/../../../../lib64/crtn.o]
    arg [/usr/bin/ld] ==> ignore
    arg [-export-dynamic] ==> ignore
    arg [--eh-frame-hdr] ==> ignore
    arg [-m] ==> ignore
    arg [elf_x86_64] ==> ignore
    arg [-dynamic-linker] ==> ignore
    arg [/lib64/ld-linux-x86-64.so.2] ==> ignore
    arg [-o] ==> ignore
    arg [cmTC_fd530] ==> ignore
    arg [/usr/bin/../lib64/gcc/x86_64-pc-linux-gnu/6.1.1/../../../../lib64/crt1.o] ==> ignore
    arg [/usr/bin/../lib64/gcc/x86_64-pc-linux-gnu/6.1.1/../../../../lib64/crti.o] ==> ignore
    arg [/usr/bin/../lib64/gcc/x86_64-pc-linux-gnu/6.1.1/crtbegin.o] ==> ignore
    arg [-L/usr/bin/../lib64/gcc/x86_64-pc-linux-gnu/6.1.1] ==> dir [/usr/bin/../lib64/gcc/x86_64-pc-linux-gnu/6.1.1]
    arg [-L/usr/bin/../lib64/gcc/x86_64-pc-linux-gnu/6.1.1/../../../../lib64] ==> dir [/usr/bin/../lib64/gcc/x86_64-pc-linux-gnu/6.1.1/../../../../lib64]
    arg [-L/usr/bin/../lib64] ==> dir [/usr/bin/../lib64]
    arg [-L/lib/../lib64] ==> dir [/lib/../lib64]
    arg [-L/usr/lib/../lib64] ==> dir [/usr/lib/../lib64]
    arg [-L/usr/bin/../lib64/gcc/x86_64-pc-linux-gnu/6.1.1/../../..] ==> dir [/usr/bin/../lib64/gcc/x86_64-pc-linux-gnu/6.1.1/../../..]
    arg [-L/usr/bin/../lib] ==> dir [/usr/bin/../lib]
    arg [-L/lib] ==> dir [/lib]
    arg [-L/usr/lib] ==> dir [/usr/lib]
    arg [CMakeFiles/cmTC_fd530.dir/CMakeCXXCompilerABI.cpp.o] ==> ignore
    arg [-lstdc++] ==> lib [stdc++]
    arg [-lm] ==> lib [m]
    arg [-lgcc_s] ==> lib [gcc_s]
    arg [-lgcc] ==> lib [gcc]
    arg [-lc] ==> lib [c]
    arg [-lgcc_s] ==> lib [gcc_s]
    arg [-lgcc] ==> lib [gcc]
    arg [/usr/bin/../lib64/gcc/x86_64-pc-linux-gnu/6.1.1/crtend.o] ==> ignore
    arg [/usr/bin/../lib64/gcc/x86_64-pc-linux-gnu/6.1.1/../../../../lib64/crtn.o] ==> ignore
  remove lib [gcc_s]
  remove lib [gcc]
  remove lib [gcc_s]
  remove lib [gcc]
  collapse library dir [/usr/bin/../lib64/gcc/x86_64-pc-linux-gnu/6.1.1] ==> [/usr/lib64/gcc/x86_64-pc-linux-gnu/6.1.1]
  collapse library dir [/usr/bin/../lib64/gcc/x86_64-pc-linux-gnu/6.1.1/../../../../lib64] ==> [/usr/lib64]
  collapse library dir [/usr/bin/../lib64] ==> [/usr/lib64]
  collapse library dir [/lib/../lib64] ==> [/lib64]
  collapse library dir [/usr/lib/../lib64] ==> [/usr/lib64]
  collapse library dir [/usr/bin/../lib64/gcc/x86_64-pc-linux-gnu/6.1.1/../../..] ==> [/usr/lib64]
  collapse library dir [/usr/bin/../lib] ==> [/usr/lib]
  collapse library dir [/lib] ==> [/lib]
  collapse library dir [/usr/lib] ==> [/usr/lib]
  implicit libs: [stdc++;m;c]
  implicit dirs: [/usr/lib64/gcc/x86_64-pc-linux-gnu/6.1.1;/usr/lib64;/lib64;/usr/lib;/lib]
  implicit fwks: []




Detecting CXX [-std=c++14] compiler features compiled with the following output:
Change Dir: /home/alex/FaceRecognizer/build/CMakeFiles/CMakeTmp

Run Build Command:"/usr/bin/make" "cmTC_6c9ba/fast"
/usr/bin/make -f CMakeFiles/cmTC_6c9ba.dir/build.make CMakeFiles/cmTC_6c9ba.dir/build
make[1]: Entering directory '/home/alex/FaceRecognizer/build/CMakeFiles/CMakeTmp'
Building CXX object CMakeFiles/cmTC_6c9ba.dir/feature_tests.cxx.o
/usr/bin/clang++     -std=c++14 -o CMakeFiles/cmTC_6c9ba.dir/feature_tests.cxx.o -c /home/alex/FaceRecognizer/build/CMakeFiles/feature_tests.cxx
Linking CXX executable cmTC_6c9ba
/usr/bin/cmake -E cmake_link_script CMakeFiles/cmTC_6c9ba.dir/link.txt --verbose=1
/usr/bin/clang++        CMakeFiles/cmTC_6c9ba.dir/feature_tests.cxx.o  -o cmTC_6c9ba -rdynamic 
make[1]: Leaving directory '/home/alex/FaceRecognizer/build/CMakeFiles/CMakeTmp'


    Feature record: CXX_FEATURE:1cxx_aggregate_default_initializers
    Feature record: CXX_FEATURE:1cxx_alias_templates
    Feature record: CXX_FEATURE:1cxx_alignas
    Feature record: CXX_FEATURE:1cxx_alignof
    Feature record: CXX_FEATURE:1cxx_attributes
    Feature record: CXX_FEATURE:1cxx_attribute_deprecated
    Feature record: CXX_FEATURE:1cxx_auto_type
    Feature record: CXX_FEATURE:1cxx_binary_literals
    Feature record: CXX_FEATURE:1cxx_constexpr
    Feature record: CXX_FEATURE:1cxx_contextual_conversions
    Feature record: CXX_FEATURE:1cxx_decltype
    Feature record: CXX_FEATURE:1cxx_decltype_auto
    Feature record: CXX_FEATURE:1cxx_decltype_incomplete_return_types
    Feature record: CXX_FEATURE:1cxx_default_function_template_args
    Feature record: CXX_FEATURE:1cxx_defaulted_functions
    Feature record: CXX_FEATURE:1cxx_defaulted_move_initializers
    Feature record: CXX_FEATURE:1cxx_delegating_constructors
    Feature record: CXX_FEATURE:1cxx_deleted_functions
    Feature record: CXX_FEATURE:1cxx_digit_separators
    Feature record: CXX_FEATURE:1cxx_enum_forward_declarations
    Feature record: CXX_FEATURE:1cxx_explicit_conversions
    Feature record: CXX_FEATURE:1cxx_extended_friend_declarations
    Feature record: CXX_FEATURE:1cxx_extern_templates
    Feature record: CXX_FEATURE:1cxx_final
    Feature record: CXX_FEATURE:1cxx_func_identifier
    Feature record: CXX_FEATURE:1cxx_generalized_initializers
    Feature record: CXX_FEATURE:1cxx_generic_lambdas
    Feature record: CXX_FEATURE:1cxx_inheriting_constructors
    Feature record: CXX_FEATURE:1cxx_inline_namespaces
    Feature record: CXX_FEATURE:1cxx_lambdas
    Feature record: CXX_FEATURE:1cxx_lambda_init_captures
    Feature record: CXX_FEATURE:1cxx_local_type_template_args
    Feature record: CXX_FEATURE:1cxx_long_long_type
    Feature record: CXX_FEATURE:1cxx_noexcept
    Feature record: CXX_FEATURE:1cxx_nonstatic_member_init
    Feature record: CXX_FEATURE:1cxx_nullptr
    Feature record: CXX_FEATURE:1cxx_override
    Feature record: CXX_FEATURE:1cxx_range_for
    Feature record: CXX_FEATURE:1cxx_raw_string_literals
    Feature record: CXX_FEATURE:1cxx_reference_qualified_functions
    Feature record: CXX_FEATURE:1cxx_relaxed_constexpr
    Feature record: CXX_FEATURE:1cxx_return_type_deduction
    Feature record: CXX_FEATURE:1cxx_right_angle_brackets
    Feature record: CXX_FEATURE:1cxx_rvalue_references
    Feature record: CXX_FEATURE:1cxx_sizeof_member
    Feature record: CXX_FEATURE:1cxx_static_assert
    Feature record: CXX_FEATURE:1cxx_strong_enums
    Feature record: CXX_FEATURE:1cxx_template_template_parameters
    Feature record: CXX_FEATURE:1cxx_thread_local
    Feature record: CXX_FEATURE:1cxx_trailing_return_types
    Feature record: CXX_FEATURE:1cxx_unicode_literals
    Feature record: CXX_FEATURE:1cxx_uniform_initialization
    Feature record: CXX_FEATURE:1cxx_unrestricted_unions
    Feature record: CXX_FEATURE:1cxx_user_literals
    Feature record: CXX_FEATURE:1cxx_variable_templates
    Feature record: CXX_FEATURE:1cxx_variadic_macros
    Feature record: CXX_FEATURE:1cxx_variadic_templates


Detecting CXX [-std=c++11] compiler features compiled with the following output:
Change Dir: /home/alex/FaceRecognizer/build/CMakeFiles/CMakeTmp

Run Build Command:"/usr/bin/make" "cmTC_0e97b/fast"
/usr/bin/make -f CMakeFiles/cmTC_0e97b.dir/build.make CMakeFiles/cmTC_0e97b.dir/build
make[1]: Entering directory '/home/alex/FaceRecognizer/build/CMakeFiles/CMakeTmp'
Building CXX object CMakeFiles/cmTC_0e97b.dir/feature_tests.cxx.o
/usr/bin/clang++     -std=c++11 -o CMakeFiles/cmTC_0e97b.dir/feature_tests.cxx.o -c /home/alex/FaceRecognizer/build/CMakeFiles/feature_tests.cxx
Linking CXX executable cmTC_0e97b
/usr/bin/cmake -E cmake_link_script CMakeFiles/cmTC_0e97b.dir/link.txt --verbose=1
/usr/bin/clang++        CMakeFiles/cmTC_0e97b.dir/feature_tests.cxx.o  -o cmTC_0e97b -rdynamic 
make[1]: Leaving directory '/home/alex/FaceRecognizer/build/CMakeFiles/CMakeTmp'


    Feature record: CXX_FEATURE:0cxx_aggregate_default_initializers
    Feature record: CXX_FEATURE:1cxx_alias_templates
    Feature record: CXX_FEATURE:1cxx_alignas
    Feature record: CXX_FEATURE:1cxx_alignof
    Feature record: CXX_FEATURE:1cxx_attributes
    Feature record: CXX_FEATURE:0cxx_attribute_deprecated
    Feature record: CXX_FEATURE:1cxx_auto_type
    Feature record: CXX_FEATURE:0cxx_binary_literals
    Feature record: CXX_FEATURE:1cxx_constexpr
    Feature record: CXX_FEATURE:0cxx_contextual_conversions
    Feature record: CXX_FEATURE:1cxx_decltype
    Feature record: CXX_FEATURE:0cxx_decltype_auto
    Feature record: CXX_FEATURE:1cxx_decltype_incomplete_return_types
    Feature record: CXX_FEATURE:1cxx_default_function_template_args
    Feature record: CXX_FEATURE:1cxx_defaulted_functions
    Feature record: CXX_FEATURE:1cxx_defaulted_move_initializers
    Feature record: CXX_FEATURE:1cxx_delegating_constructors
    Feature record: CXX_FEATURE:1cxx_deleted_functions
    Feature record: CXX_FEATURE:0cxx_digit_separators
    Feature record: CXX_FEATURE:1cxx_enum_forward_declarations
    Feature record: CXX_FEATURE:1cxx_explicit_conversions
    Feature record: CXX_FEATURE:1cxx_extended_friend_declarations
    Feature record: CXX_FEATURE:1cxx_extern_templates
    Feature record: CXX_FEATURE:1cxx_final
    Feature record: CXX_FEATURE:1cxx_func_identifier
    Feature record: CXX_FEATURE:1cxx_generalized_initializers
    Feature record: CXX_FEATURE:0cxx_generic_lambdas
    Feature record: CXX_FEATURE:1cxx_inheriting_constructors
    Feature record: CXX_FEATURE:1cxx_inline_namespaces
    Feature record: CXX_FEATURE:1cxx_lambdas
    Feature record: CXX_FEATURE:0cxx_lambda_init_captures
    Feature record: CXX_FEATURE:1cxx_local_type_template_args
    Feature record: CXX_FEATURE:1cxx_long_long_type
    Feature record: CXX_FEATURE:1cxx_noexcept
    Feature record: CXX_FEATURE:1cxx_nonstatic_member_init
    Feature record: CXX_FEATURE:1cxx_nullptr
    Feature record: CXX_FEATURE:1cxx_override
    Feature record: CXX_FEATURE:1cxx_range_for
    Feature record: CXX_FEATURE:1cxx_raw_string_literals
    Feature record: CXX_FEATURE:1cxx_reference_qualified_functions
    Feature record: CXX_FEATURE:0cxx_relaxed_constexpr
    Feature record: CXX_FEATURE:0cxx_return_type_deduction
    Feature record: CXX_FEATURE:1cxx_right_angle_brackets
    Feature record: CXX_FEATURE:1cxx_rvalue_references
    Feature record: CXX_FEATURE:1cxx_sizeof_member
    Feature record: CXX_FEATURE:1cxx_static_assert
    Feature record: CXX_FEATURE:1cxx_strong_enums
    Feature record: CXX_FEATURE:1cxx_template_template_parameters
    Feature record: CXX_FEATURE:1cxx_thread_local
    Feature record: CXX_FEATURE:1cxx_trailing_return_types
    Feature record: CXX_FEATURE:1cxx_unicode_literals
    Feature record: CXX_FEATURE:1cxx_uniform_initialization
    Feature record: CXX_FEATURE:1cxx_unrestricted_unions
    Feature record: CXX_FEATURE:1cxx_user_literals
    Feature record: CXX_FEATURE:0cxx_variable_templates
    Feature record: CXX_FEATURE:1cxx_variadic_macros
    Feature record: CXX_FEATURE:1cxx_variadic_templates


Detecting CXX [-std=c++98] compiler features compiled with the following output:
Change Dir: /home/alex/FaceRecognizer/build/CMakeFiles/CMakeTmp

Run Build Command:"/usr/bin/make" "cmTC_01b76/fast"
/usr/bin/make -f CMakeFiles/cmTC_01b76.dir/build.make CMakeFiles/cmTC_01b76.dir/build
make[1]: Entering directory '/home/alex/FaceRecognizer/build/CMakeFiles/CMakeTmp'
Building CXX object CMakeFiles/cmTC_01b76.dir/feature_tests.cxx.o
/usr/bin/clang++     -std=c++98 -o CMakeFiles/cmTC_01b76.dir/feature_tests.cxx.o -c /home/alex/FaceRecognizer/build/CMakeFiles/feature_tests.cxx
Linking CXX executable cmTC_01b76
/usr/bin/cmake -E cmake_link_script CMakeFiles/cmTC_01b76.dir/link.txt --verbose=1
/usr/bin/clang++        CMakeFiles/cmTC_01b76.dir/feature_tests.cxx.o  -o cmTC_01b76 -rdynamic 
make[1]: Leaving directory '/home/alex/FaceRecognizer/build/CMakeFiles/CMakeTmp'


    Feature record: CXX_FEATURE:0cxx_aggregate_default_initializers
    Feature record: CXX_FEATURE:0cxx_alias_templates
    Feature record: CXX_FEATURE:0cxx_alignas
    Feature record: CXX_FEATURE:0cxx_alignof
    Feature record: CXX_FEATURE:0cxx_attributes
    Feature record: CXX_FEATURE:0cxx_attribute_deprecated
    Feature record: CXX_FEATURE:0cxx_auto_type
    Feature record: CXX_FEATURE:0cxx_binary_literals
    Feature record: CXX_FEATURE:0cxx_constexpr
    Feature record: CXX_FEATURE:0cxx_contextual_conversions
    Feature record: CXX_FEATURE:0cxx_decltype
    Feature record: CXX_FEATURE:0cxx_decltype_auto
    Feature record: CXX_FEATURE:0cxx_decltype_incomplete_return_types
    Feature record: CXX_FEATURE:0cxx_default_function_template_args
    Feature record: CXX_FEATURE:0cxx_defaulted_functions
    Feature record: CXX_FEATURE:0cxx_defaulted_move_initializers
    Feature record: CXX_FEATURE:0cxx_delegating_constructors
    Feature record: CXX_FEATURE:0cxx_deleted_functions
    Feature record: CXX_FEATURE:0cxx_digit_separators
    Feature record: CXX_FEATURE:0cxx_enum_forward_declarations
    Feature record: CXX_FEATURE:0cxx_explicit_conversions
    Feature record: CXX_FEATURE:0cxx_extended_friend_declarations
    Feature record: CXX_FEATURE:0cxx_extern_templates
    Feature record: CXX_FEATURE:0cxx_final
    Feature record: CXX_FEATURE:0cxx_func_identifier
    Feature record: CXX_FEATURE:0cxx_generalized_initializers
    Feature record: CXX_FEATURE:0cxx_generic_lambdas
    Feature record: CXX_FEATURE:0cxx_inheriting_constructors
    Feature record: CXX_FEATURE:0cxx_inline_namespaces
    Feature record: CXX_FEATURE:0cxx_lambdas
    Feature record: CXX_FEATURE:0cxx_lambda_init_captures
    Feature record: CXX_FEATURE:0cxx_local_type_template_args
    Feature record: CXX_FEATURE:0cxx_long_long_type
    Feature record: CXX_FEATURE:0cxx_noexcept
    Feature record: CXX_FEATURE:0cxx_nonstatic_member_init
    Feature record: CXX_FEATURE:0cxx_nullptr
    Feature record: CXX_FEATURE:0cxx_override
    Feature record: CXX_FEATURE:0cxx_range_for
    Feature record: CXX_FEATURE:0cxx_raw_string_literals
    Feature record: CXX_FEATURE:0cxx_reference_qualified_functions
    Feature record: CXX_FEATURE:0cxx_relaxed_constexpr
    Feature record: CXX_FEATURE:0cxx_return_type_deduction
    Feature record: CXX_FEATURE:0cxx_right_angle_brackets
    Feature record: CXX_FEATURE:0cxx_rvalue_references
    Feature record: CXX_FEATURE:0cxx_sizeof_member
    Feature record: CXX_FEATURE:0cxx_static_assert
    Feature record: CXX_FEATURE:0cxx_strong_enums
    Feature record: CXX_FEATURE:1cxx_template_template_parameters
    Feature record: CXX_FEATURE:0cxx_thread_local
    Feature record: CXX_FEATURE:0cxx_trailing_return_types
    Feature record: CXX_FEATURE:0cxx_unicode_literals
    Feature record: CXX_FEATURE:0cxx_uniform_initialization
    Feature record: CXX_FEATURE:0cxx_unrestricted_unions
    Feature record: CXX_FEATURE:0cxx_user_literals
    Feature record: CXX_FEATURE:0cxx_variable_templates
    Feature record: CXX_FEATURE:0cxx_variadic_macros
    Feature record: CXX_FEATURE:0cxx_variadic_templates
